# JRE version: OpenJDK Runtime Environment (21.0.7) (build 21.0.7+-13880790-b1038.58)
# Java VM: OpenJDK 64-Bit Server VM (21.0.7+-13880790-b1038.58, mixed mode, tiered, compressed oops, compressed class ptrs, g1 gc, windows-amd64)
GC Precious Log:
 CardTable entry size: 512
 Card Set container configuration: InlinePtr #cards 5 size 8 Array Of Cards #cards 12 size 40 Howl #buckets 4 coarsen threshold 1843 Howl Bitmap #cards 512 size 80 coarsen threshold 460 Card regions per heap region 1 cards per card region 2048
 CPUs: 8 total, 8 available
 Memory: 7930M
 Large Page Support: Disabled
 NUMA Support: Disabled
 Compressed Oops: Enabled (32-bit)
 Heap Region Size: 1M
 Heap Min Capacity: 8M
 Heap Initial Capacity: 124M
 Heap Max Capacity: 2G
 Pre-touch: Disabled
 Parallel Workers: 8
 Concurrent Workers: 2
 Concurrent Refinement Workers: 8
 Periodic GC: Disabled
Heap:
 garbage-first heap   total 380928K, used 222340K [0x0000000080000000, 0x0000000100000000)
  region size 1024K, 2 young (2048K), 2 survivors (2048K)
 Metaspace       used 184256K, committed 189696K, reserved 1245184K
  class space    used 24463K, committed 26688K, reserved 1048576K
GC Heap History (20 events):
Event: 3064.183 GC heap after
{Heap after GC invocations=85 (full 0):
 garbage-first heap   total 354304K, used 200089K [0x0000000080000000, 0x0000000100000000)
  region size 1024K, 10 young (10240K), 10 survivors (10240K)
 Metaspace       used 188818K, committed 191488K, reserved 1245184K
  class space    used 25422K, committed 26752K, reserved 1048576K
}
Event: 3089.205 GC heap before
{Heap before GC invocations=85 (full 0):
 garbage-first heap   total 354304K, used 323993K [0x0000000080000000, 0x0000000100000000)
  region size 1024K, 132 young (135168K), 10 survivors (10240K)
 Metaspace       used 189393K, committed 192064K, reserved 1245184K
  class space    used 25430K, committed 26752K, reserved 1048576K
}
Event: 3089.290 GC heap after
{Heap after GC invocations=86 (full 0):
 garbage-first heap   total 354304K, used 210235K [0x0000000080000000, 0x0000000100000000)
  region size 1024K, 17 young (17408K), 17 survivors (17408K)
 Metaspace       used 189393K, committed 192064K, reserved 1245184K
  class space    used 25430K, committed 26752K, reserved 1048576K
}
Event: 3190.168 GC heap before
{Heap before GC invocations=87 (full 0):
 garbage-first heap   total 354304K, used 352571K [0x0000000080000000, 0x0000000100000000)
  region size 1024K, 119 young (121856K), 17 survivors (17408K)
 Metaspace       used 183616K, committed 189568K, reserved 1245184K
  class space    used 24488K, committed 26688K, reserved 1048576K
}
Event: 3190.429 GC heap after
{Heap after GC invocations=88 (full 0):
 garbage-first heap   total 373760K, used 210504K [0x0000000080000000, 0x0000000100000000)
  region size 1024K, 3 young (3072K), 3 survivors (3072K)
 Metaspace       used 183616K, committed 189568K, reserved 1245184K
  class space    used 24488K, committed 26688K, reserved 1048576K
}
Event: 3510.269 GC heap before
{Heap before GC invocations=88 (full 0):
 garbage-first heap   total 373760K, used 347720K [0x0000000080000000, 0x0000000100000000)
  region size 1024K, 138 young (141312K), 3 survivors (3072K)
 Metaspace       used 184656K, committed 189632K, reserved 1245184K
  class space    used 24661K, committed 26688K, reserved 1048576K
}
Event: 3511.411 GC heap after
{Heap after GC invocations=89 (full 0):
 garbage-first heap   total 380928K, used 202069K [0x0000000080000000, 0x0000000100000000)
  region size 1024K, 16 young (16384K), 16 survivors (16384K)
 Metaspace       used 184656K, committed 189632K, reserved 1245184K
  class space    used 24661K, committed 26688K, reserved 1048576K
}
Event: 3511.557 GC heap before
{Heap before GC invocations=89 (full 0):
 garbage-first heap   total 380928K, used 204117K [0x0000000080000000, 0x0000000100000000)
  region size 1024K, 18 young (18432K), 16 survivors (16384K)
 Metaspace       used 184656K, committed 189632K, reserved 1245184K
  class space    used 24661K, committed 26688K, reserved 1048576K
}
Event: 3511.837 GC heap after
{Heap after GC invocations=90 (full 0):
 garbage-first heap   total 380928K, used 202051K [0x0000000080000000, 0x0000000100000000)
  region size 1024K, 2 young (2048K), 2 survivors (2048K)
 Metaspace       used 184656K, committed 189632K, reserved 1245184K
  class space    used 24661K, committed 26688K, reserved 1048576K
}
Event: 5422.132 GC heap before
{Heap before GC invocations=90 (full 0):
 garbage-first heap   total 380928K, used 348483K [0x0000000080000000, 0x0000000100000000)
  region size 1024K, 146 young (149504K), 2 survivors (2048K)
 Metaspace       used 184878K, committed 189632K, reserved 1245184K
  class space    used 24664K, committed 26688K, reserved 1048576K
}
Event: 5422.333 GC heap after
{Heap after GC invocations=91 (full 0):
 garbage-first heap   total 380928K, used 208153K [0x0000000080000000, 0x0000000100000000)
  region size 1024K, 8 young (8192K), 8 survivors (8192K)
 Metaspace       used 184878K, committed 189632K, reserved 1245184K
  class space    used 24664K, committed 26688K, reserved 1048576K
}
Event: 5434.495 GC heap before
{Heap before GC invocations=92 (full 0):
 garbage-first heap   total 380928K, used 266521K [0x0000000080000000, 0x0000000100000000)
  region size 1024K, 72 young (73728K), 8 survivors (8192K)
 Metaspace       used 184188K, committed 189696K, reserved 1245184K
  class space    used 24462K, committed 26688K, reserved 1048576K
}
Event: 5434.558 GC heap after
{Heap after GC invocations=93 (full 0):
 garbage-first heap   total 380928K, used 210457K [0x0000000080000000, 0x0000000100000000)
  region size 1024K, 9 young (9216K), 9 survivors (9216K)
 Metaspace       used 184188K, committed 189696K, reserved 1245184K
  class space    used 24462K, committed 26688K, reserved 1048576K
}
Event: 5434.744 GC heap before
{Heap before GC invocations=93 (full 0):
 garbage-first heap   total 380928K, used 219673K [0x0000000080000000, 0x0000000100000000)
  region size 1024K, 18 young (18432K), 9 survivors (9216K)
 Metaspace       used 184206K, committed 189696K, reserved 1245184K
  class space    used 24462K, committed 26688K, reserved 1048576K
}
Event: 5434.770 GC heap after
{Heap after GC invocations=94 (full 0):
 garbage-first heap   total 380928K, used 205824K [0x0000000080000000, 0x0000000100000000)
  region size 1024K, 2 young (2048K), 2 survivors (2048K)
 Metaspace       used 184206K, committed 189696K, reserved 1245184K
  class space    used 24462K, committed 26688K, reserved 1048576K
}
Event: 5435.538 GC heap before
{Heap before GC invocations=94 (full 0):
 garbage-first heap   total 380928K, used 237568K [0x0000000080000000, 0x0000000100000000)
  region size 1024K, 29 young (29696K), 2 survivors (2048K)
 Metaspace       used 184232K, committed 189696K, reserved 1245184K
  class space    used 24463K, committed 26688K, reserved 1048576K
}
Event: 5435.570 GC heap after
{Heap after GC invocations=95 (full 0):
 garbage-first heap   total 380928K, used 217752K [0x0000000080000000, 0x0000000100000000)
  region size 1024K, 4 young (4096K), 4 survivors (4096K)
 Metaspace       used 184232K, committed 189696K, reserved 1245184K
  class space    used 24463K, committed 26688K, reserved 1048576K
}
Event: 5435.702 GC heap before
{Heap before GC invocations=95 (full 0):
 garbage-first heap   total 380928K, used 232088K [0x0000000080000000, 0x0000000100000000)
  region size 1024K, 18 young (18432K), 4 survivors (4096K)
 Metaspace       used 184241K, committed 189696K, reserved 1245184K
  class space    used 24463K, committed 26688K, reserved 1048576K
}
Event: 5435.732 GC heap after
{Heap after GC invocations=96 (full 0):
 garbage-first heap   total 380928K, used 224256K [0x0000000080000000, 0x0000000100000000)
  region size 1024K, 3 young (3072K), 3 survivors (3072K)
 Metaspace       used 184241K, committed 189696K, reserved 1245184K
  class space    used 24463K, committed 26688K, reserved 1048576K
}
Event: 5436.323 GC heap before
{Heap before GC invocations=96 (full 0):
 garbage-first heap   total 380928K, used 239616K [0x0000000080000000, 0x0000000100000000)
  region size 1024K, 18 young (18432K), 3 survivors (3072K)
 Metaspace       used 184256K, committed 189696K, reserved 1245184K
  class space    used 24463K, committed 26688K, reserved 1048576K
}

